Arguments: 
  C:\Program Files\nodejs\node.exe C:\Users\Evaldo\AppData\Roaming\npm\node_modules\yarn\bin\yarn.js init

PATH: 
  C:\Users\Evaldo\bin;C:\Program Files\Git\mingw64\bin;C:\Program Files\Git\usr\local\bin;C:\Program Files\Git\usr\bin;C:\Program Files\Git\usr\bin;C:\Program Files\Git\mingw64\bin;C:\Program Files\Git\usr\bin;C:\Users\Evaldo\bin;C:\Program Files (x86)\Common Files\Oracle\Java\javapath;C:\ProgramData\Oracle\Java\javapath;C:\WINDOWS\system32;C:\WINDOWS;C:\WINDOWS\System32\Wbem;C:\WINDOWS\System32\WindowsPowerShell\v1.0;C:\WINDOWS\System32\OpenSSH;C:\Program Files\nodejs;C:\Program Files\Git\cmd;C:\Users\Evaldo\AppData\Local\Programs\Python\Python39\Scripts;C:\Users\Evaldo\AppData\Local\Programs\Python\Python39;C:\Users\Evaldo\AppData\Local\Microsoft\WindowsApps;C:\Users\Evaldo\AppData\Roaming\npm;C:\Users\Evaldo\AppData\Local\Programs\Microsoft VS Code\bin;C:\Program Files\Git\usr\bin\vendor_perl;C:\Program Files\Git\usr\bin\core_perl

Yarn version: 
  1.22.19

Node version: 
  14.17.3

Platform: 
  win32 x64

Trace: 
  Error: Can't answer a question unless a user TTY
      at ConsoleReporter.question (C:\Users\Evaldo\AppData\Roaming\npm\node_modules\yarn\lib\cli.js:92864:59)
      at Object.<anonymous> (C:\Users\Evaldo\AppData\Roaming\npm\node_modules\yarn\lib\cli.js:85054:38)
      at Generator.next (<anonymous>)
      at step (C:\Users\Evaldo\AppData\Roaming\npm\node_modules\yarn\lib\cli.js:310:30)
      at C:\Users\Evaldo\AppData\Roaming\npm\node_modules\yarn\lib\cli.js:321:13
      at processTicksAndRejections (internal/process/task_queues.js:95:5)

npm manifest: 
  No manifest

yarn manifest: 
  No manifest

Lockfile: 
  No lockfile
